<?xml version="1.0" encoding="UTF-8"?>
<!-- Generated by org.testng.reporters.JUnitReportReporter -->
<testsuite skipped="0" hostname="TW-1056" name="org.example.runners.TestRunner" tests="13" failures="0" timestamp="2022-10-25T14:17:14 EET" time="61.938" errors="0">
  <testcase name="runScenario" time="2.142" classname="org.example.runners.TestRunner"/>
  <system-out/>
  <testcase name="runScenario" time="0.824" classname="org.example.runners.TestRunner"/>
  <system-out/>
  <testcase name="runScenario" time="1.047" classname="org.example.runners.TestRunner"/>
  <system-out/>
  <testcase name="runScenario" time="6.217" classname="org.example.runners.TestRunner"/>
  <system-out/>
  <testcase name="runScenario" time="7.314" classname="org.example.runners.TestRunner"/>
  <system-out/>
  <testcase name="runScenario" time="9.562" classname="org.example.runners.TestRunner"/>
  <system-out/>
  <testcase name="runScenario" time="5.718" classname="org.example.runners.TestRunner"/>
  <system-out/>
  <testcase name="runScenario" time="1.974" classname="org.example.runners.TestRunner"/>
  <system-out/>
  <testcase name="runScenario" time="15.851" classname="org.example.runners.TestRunner"/>
  <system-out/>
  <testcase name="runScenario" time="5.481" classname="org.example.runners.TestRunner"/>
  <system-out/>
  <testcase name="runScenario" time="0.770" classname="org.example.runners.TestRunner"/>
  <system-out/>
  <testcase name="runScenario" time="3.370" classname="org.example.runners.TestRunner"/>
  <system-out/>
  <testcase name="runScenario" time="1.668" classname="org.example.runners.TestRunner"/>
  <system-out/>
</testsuite> <!-- org.example.runners.TestRunner -->
